[23/06/26@13:18:51.625+0300] P-003208 T-004164 1 4GL -- Logging level set to = 2
[23/06/26@13:18:51.626+0300] P-003208 T-004164 1 4GL -- No entry types are activated
[23/06/26@13:18:51.626+0300] P-003208 T-004164 1 4GL INFO       EmpNum 54 Family records updated
[23/06/26@13:18:51.626+0300] P-003208 T-004164 1 4GL INFO       EmpNum 54 New Family Records created
[23/06/26@13:18:51.631+0300] P-003208 T-004164 1 4GL INFO       EmpNum 44 Family records updated
[23/06/26@13:18:51.631+0300] P-003208 T-004164 1 4GL INFO       EmpNum 44 Family records updated
[23/06/26@13:18:51.631+0300] P-003208 T-004164 1 4GL ERROR      "4444";"Son";"Subhash";"Sanjeevi";"1987-06-09" - Invalid values
[23/06/26@13:18:51.631+0300] P-003208 T-004164 1 4GL INFO       EmpNum 16 Family records updated
[23/06/26@13:18:51.631+0300] P-003208 T-004164 1 4GL ERROR      EmpNum 16 - Invalid No of Entries
[23/06/26@13:18:51.631+0300] P-003208 T-004164 1 4GL INFO       EmpNum 28 Family records updated
[23/06/26@13:18:51.631+0300] P-003208 T-004164 1 4GL INFO       EmpNum 47 Family records updated
[23/06/26@13:18:51.631+0300] P-003208 T-004164 1 4GL INFO       EmpNum 55 Family records updated
[23/06/26@13:18:51.631+0300] P-003208 T-004164 1 4GL INFO       EmpNum 55 Family records updated
[23/06/26@13:18:51.631+0300] P-003208 T-004164 1 4GL INFO       EmpNum 39 Family records updated
[23/06/26@13:18:51.631+0300] P-003208 T-004164 1 4GL INFO       EmpNum 46 Family records updated
[23/06/26@13:18:51.631+0300] P-003208 T-004164 1 4GL INFO       EmpNum 46 Family records updated
[23/06/26@13:18:51.631+0300] P-003208 T-004164 1 4GL INFO       EmpNum 52 Family records updated
[23/06/26@13:18:51.631+0300] P-003208 T-004164 1 4GL INFO       EmpNum 52 Family records updated
[23/06/26@13:18:51.631+0300] P-003208 T-004164 1 4GL INFO       EmpNum 49 Family records updated
[23/06/26@13:18:51.631+0300] P-003208 T-004164 1 4GL INFO       EmpNum 49 Family records updated
[23/06/26@13:18:51.631+0300] P-003208 T-004164 1 4GL INFO       EmpNum 4 Family records updated
[23/06/26@13:18:51.631+0300] P-003208 T-004164 1 4GL INFO       EmpNum 4 Family records updated
[23/06/26@13:18:51.631+0300] P-003208 T-004164 1 4GL INFO       EmpNum 4 Family records updated
[23/06/26@13:18:51.631+0300] P-003208 T-004164 1 4GL INFO       EmpNum 25 Family records updated
[23/06/26@13:18:51.631+0300] P-003208 T-004164 1 4GL INFO       EmpNum 25 Family records updated
[23/06/26@13:18:51.631+0300] P-003208 T-004164 1 4GL INFO       EmpNum 48 Family records updated
[23/06/26@13:18:51.632+0300] P-003208 T-004164 1 4GL INFO       EmpNum 2 Family records updated
[23/06/26@13:18:51.632+0300] P-003208 T-004164 1 4GL INFO       EmpNum 2 Family records updated
[23/06/26@13:18:51.632+0300] P-003208 T-004164 1 4GL INFO       EmpNum 22 Family records updated
[23/06/26@13:18:51.632+0300] P-003208 T-004164 1 4GL INFO       EmpNum 22 Family records updated
[23/06/26@13:18:51.632+0300] P-003208 T-004164 1 4GL INFO       EmpNum 19 Family records updated
[23/06/26@13:18:51.632+0300] P-003208 T-004164 1 4GL INFO       EmpNum 18 Family records updated
[23/06/26@13:18:51.632+0300] P-003208 T-004164 1 4GL INFO       EmpNum 18 Family records updated
[23/06/26@13:18:51.632+0300] P-003208 T-004164 1 4GL INFO       EmpNum 13 Family records updated
[23/06/26@13:18:51.632+0300] P-003208 T-004164 1 4GL INFO       EmpNum 13 Family records updated
[23/06/26@13:18:51.632+0300] P-003208 T-004164 1 4GL INFO       EmpNum 1 Family records updated
[23/06/26@13:18:51.632+0300] P-003208 T-004164 1 4GL INFO       EmpNum 1 Family records updated
[23/06/26@13:18:51.632+0300] P-003208 T-004164 1 4GL INFO       EmpNum 9 Family records updated
[23/06/26@13:18:51.632+0300] P-003208 T-004164 1 4GL INFO       EmpNum 9 Family records updated
[23/06/26@13:18:51.632+0300] P-003208 T-004164 1 4GL INFO       EmpNum 7 Family records updated
[23/06/26@13:18:51.632+0300] P-003208 T-004164 1 4GL INFO       EmpNum 11 Family records updated
[23/06/26@13:18:51.632+0300] P-003208 T-004164 1 4GL INFO       EmpNum 6 Family records updated
[23/06/26@13:18:51.632+0300] P-003208 T-004164 1 4GL INFO       EmpNum 6 Family records updated
[23/06/26@13:18:51.632+0300] P-003208 T-004164 1 4GL ---------- Log file closed at user's request
